Build started 29/12/2015 17:52:38.
     1>Project "C:\Users\Strixx\documents\visual studio 2015\Projects\d2d1\d2d1\d2d1.vcxproj" on node 2 (Build target(s)).
     1>ClCompile:
         C:\Program Files (x86)\Microsoft Visual Studio 14.0\VC\bin\x86_amd64\CL.exe /c /Zi /nologo /W3 /WX- /sdl /O2 /Oi /GL /D NDEBUG /D _WINDOWS /D _UNICODE /D UNICODE /Gm- /EHsc /MD /GS /Gy /fp:precise /Zc:wchar_t /Zc:forScope /Zc:inline /Yc"stdafx.h" /Fp"x64\Release\d2d1.pch" /Fo"x64\Release\\" /Fd"x64\Release\vc140.pdb" /Gd /TP /errorReport:prompt stdafx.cpp
         stdafx.cpp
         C:\Program Files (x86)\Microsoft Visual Studio 14.0\VC\bin\x86_amd64\CL.exe /c /Zi /nologo /W3 /WX- /sdl /O2 /Oi /GL /D NDEBUG /D _WINDOWS /D _UNICODE /D UNICODE /Gm- /EHsc /MD /GS /Gy /fp:precise /Zc:wchar_t /Zc:forScope /Zc:inline /Yu"stdafx.h" /Fp"x64\Release\d2d1.pch" /Fo"x64\Release\\" /Fd"x64\Release\vc140.pdb" /Gd /TP /errorReport:prompt d2d1.cpp Module.cpp overlay.cpp Process.cpp vector_helper.cpp
         d2d1.cpp
     1>d2d1.cpp(73): error C2440: '=': cannot convert from 'const char [11]' to 'LPCWSTR'
         d2d1.cpp(73): note: Types pointed to are unrelated; conversion requires reinterpret_cast, C-style cast or function-style cast
     1>d2d1.cpp(138): error C2664: 'HWND FindWindowW(LPCWSTR,LPCWSTR)': cannot convert argument 2 from 'const char [30]' to 'LPCWSTR'
         d2d1.cpp(138): note: Types pointed to are unrelated; conversion requires reinterpret_cast, C-style cast or function-style cast
     1>d2d1.cpp(150): error C2664: 'HWND CreateWindowExW(DWORD,LPCWSTR,LPCWSTR,DWORD,int,int,int,int,HWND,HMENU,HINSTANCE,LPVOID)': cannot convert argument 2 from 'const char [11]' to 'LPCWSTR'
         d2d1.cpp(150): note: Types pointed to are unrelated; conversion requires reinterpret_cast, C-style cast or function-style cast
         Module.cpp
         overlay.cpp
     1>overlay.cpp(93): warning C4244: 'argument': conversion from 'int' to 'FLOAT', possible loss of data
     1>overlay.cpp(93): warning C4267: 'argument': conversion from 'size_t' to 'UINT32', possible loss of data
     1>overlay.cpp(114): warning C4244: 'initializing': conversion from 'float' to 'DWORD', possible loss of data
     1>overlay.cpp(115): warning C4244: 'initializing': conversion from 'float' to 'DWORD', possible loss of data
     1>overlay.cpp(117): warning C4244: 'argument': conversion from 'DWORD' to 'float', possible loss of data
     1>overlay.cpp(118): warning C4244: 'argument': conversion from 'DWORD' to 'float', possible loss of data
     1>overlay.cpp(119): warning C4244: 'argument': conversion from 'DWORD' to 'float', possible loss of data
     1>overlay.cpp(120): warning C4244: 'argument': conversion from 'DWORD' to 'float', possible loss of data
     1>overlay.cpp(121): warning C4244: 'argument': conversion from 'DWORD' to 'float', possible loss of data
     1>overlay.cpp(122): warning C4244: 'argument': conversion from 'DWORD' to 'float', possible loss of data
     1>overlay.cpp(123): warning C4244: 'argument': conversion from 'DWORD' to 'float', possible loss of data
     1>overlay.cpp(124): warning C4244: 'argument': conversion from 'DWORD' to 'float', possible loss of data
     1>overlay.cpp(125): warning C4244: 'argument': conversion from 'DWORD' to 'float', possible loss of data
     1>overlay.cpp(126): warning C4244: 'argument': conversion from 'DWORD' to 'float', possible loss of data
     1>overlay.cpp(127): warning C4244: 'argument': conversion from 'DWORD' to 'float', possible loss of data
     1>overlay.cpp(128): warning C4244: 'argument': conversion from 'DWORD' to 'float', possible loss of data
     1>overlay.cpp(135): warning C4244: 'initializing': conversion from 'float' to 'DWORD', possible loss of data
     1>overlay.cpp(136): warning C4244: 'initializing': conversion from 'float' to 'DWORD', possible loss of data
     1>overlay.cpp(168): warning C4244: 'initializing': conversion from 'double' to 'float', possible loss of data
     1>overlay.cpp(181): warning C4244: '+=': conversion from 'double' to 'float', possible loss of data
     1>overlay.cpp(184): warning C4244: '+=': conversion from 'double' to 'float', possible loss of data
     1>overlay.cpp(201): warning C4244: 'argument': conversion from 'double' to 'const float', possible loss of data
     1>overlay.cpp(203): warning C4244: 'argument': conversion from 'double' to 'const float', possible loss of data
     1>overlay.cpp(205): warning C4244: 'argument': conversion from 'double' to 'const float', possible loss of data
     1>overlay.cpp(207): warning C4244: 'argument': conversion from 'double' to 'const float', possible loss of data
     1>overlay.cpp(210): warning C4244: 'argument': conversion from 'double' to 'const float', possible loss of data
     1>overlay.cpp(213): warning C4244: 'argument': conversion from 'double' to 'const float', possible loss of data
     1>overlay.cpp(238): warning C4244: 'initializing': conversion from 'DWORD_PTR' to 'DWORD', possible loss of data
     1>overlay.cpp(269): warning C4244: 'return': conversion from 'double' to 'float', possible loss of data
     1>overlay.cpp(300): warning C4244: 'initializing': conversion from 'double' to 'float', possible loss of data
     1>overlay.cpp(301): warning C4244: 'initializing': conversion from 'double' to 'float', possible loss of data
         Process.cpp
     1>Process.cpp(103): error C2664: 'HMODULE LoadLibraryW(LPCWSTR)': cannot convert argument 1 from 'const char *' to 'LPCWSTR'
         Process.cpp(103): note: Types pointed to are unrelated; conversion requires reinterpret_cast, C-style cast or function-style cast
     1>Process.cpp(157): error C2664: 'DWORD K32GetModuleFileNameExW(HANDLE,HMODULE,LPWSTR,DWORD)': cannot convert argument 3 from 'char [260]' to 'LPWSTR'
         Process.cpp(157): note: Types pointed to are unrelated; conversion requires reinterpret_cast, C-style cast or function-style cast
     1>Process.cpp(159): error C2664: 'Module::Module(const Module &)': cannot convert argument 3 from 'WCHAR [256]' to 'const std::string &'
         Process.cpp(159): note: Reason: cannot convert from 'WCHAR [256]' to 'const std::string'
         Process.cpp(159): note: No constructor could take the source type, or constructor overload resolution was ambiguous
     1>Process.cpp(185): error C2664: 'int std::basic_string<char,std::char_traits<char>,std::allocator<char>>::compare(const std::basic_string<char,std::char_traits<char>,std::allocator<char>> &) noexcept const': cannot convert argument 1 from 'WCHAR [260]' to 'const char *'
         Process.cpp(185): note: Types pointed to are unrelated; conversion requires reinterpret_cast, C-style cast or function-style cast
         vector_helper.cpp
     1>Done Building Project "C:\Users\Strixx\documents\visual studio 2015\Projects\d2d1\d2d1\d2d1.vcxproj" (Build target(s)) -- FAILED.

Build FAILED.

Time Elapsed 00:00:01.49
